<?xml version="1.0" encoding="UTF-8"?>
<testng-results skipped="0" failed="0" total="0" passed="0">
  <reporter-output>
  </reporter-output>
  <suite name="Demo TestNGSuite" duration-ms="75" started-at="2018-07-08T09:40:17Z" finished-at="2018-07-08T09:40:17Z">
    <groups>
    </groups>
    <test name="LoginTest" duration-ms="17" started-at="2018-07-08T09:40:17Z" finished-at="2018-07-08T09:40:17Z">
    </test> <!-- LoginTest -->
    <test name="LoginTest1" duration-ms="3" started-at="2018-07-08T09:40:17Z" finished-at="2018-07-08T09:40:17Z">
    </test> <!-- LoginTest1 -->
  </suite> <!-- Demo TestNGSuite -->
</testng-results>
